[0;31m  ERROR[0m - [0;33m10/Apr/2015 01:52:05[0m NoMethodError - undefined method `each' for nil:NilClass:
 /home/karloku/servers/ck_tieba/app/controllers/members.rb:27:in `block (2 levels) in <top (required)>'
 /home/karloku/.rbenv/versions/2.2.1/lib/ruby/gems/2.2.0/gems/padrino-core-0.12.5/lib/padrino-core/application/routing.rb:504:in `call'
 /home/karloku/.rbenv/versions/2.2.1/lib/ruby/gems/2.2.0/gems/padrino-core-0.12.5/lib/padrino-core/application/routing.rb:504:in `block in route'
 /home/karloku/.rbenv/versions/2.2.1/lib/ruby/gems/2.2.0/gems/padrino-core-0.12.5/lib/padrino-core/ext/http_router.rb:33:in `[]'
 /home/karloku/.rbenv/versions/2.2.1/lib/ruby/gems/2.2.0/gems/padrino-core-0.12.5/lib/padrino-core/ext/http_router.rb:33:in `block (3 levels) in process_destination_path'
 /home/karloku/.rbenv/versions/2.2.1/lib/ruby/gems/2.2.0/gems/sinatra-1.4.6/lib/sinatra/base.rb:993:in `route_eval'
 /home/karloku/.rbenv/versions/2.2.1/lib/ruby/gems/2.2.0/gems/padrino-core-0.12.5/lib/padrino-core/ext/http_router.rb:33:in `block (2 levels) in process_destination_path'
 /home/karloku/.rbenv/versions/2.2.1/lib/ruby/gems/2.2.0/gems/padrino-core-0.12.5/lib/padrino-core/ext/http_router.rb:33:in `catch'
 /home/karloku/.rbenv/versions/2.2.1/lib/ruby/gems/2.2.0/gems/padrino-core-0.12.5/lib/padrino-core/ext/http_router.rb:33:in `block in process_destination_path'
 /home/karloku/.rbenv/versions/2.2.1/lib/ruby/gems/2.2.0/gems/padrino-core-0.12.5/lib/padrino-core/ext/http_router.rb:8:in `instance_eval'
 /home/karloku/.rbenv/versions/2.2.1/lib/ruby/gems/2.2.0/gems/padrino-core-0.12.5/lib/padrino-core/ext/http_router.rb:8:in `process_destination_path'
 (eval):129:in `block in call'
 (eval):118:in `catch'
 (eval):118:in `call'
 /home/karloku/.rbenv/versions/2.2.1/lib/ruby/gems/2.2.0/gems/http_router-0.11.1/lib/http_router.rb:288:in `raw_call'
 /home/karloku/.rbenv/versions/2.2.1/lib/ruby/gems/2.2.0/gems/http_router-0.11.1/lib/http_router.rb:142:in `call'
 /home/karloku/.rbenv/versions/2.2.1/lib/ruby/gems/2.2.0/gems/padrino-core-0.12.5/lib/padrino-core/application/routing.rb:931:in `route!'
 /home/karloku/.rbenv/versions/2.2.1/lib/ruby/gems/2.2.0/gems/padrino-core-0.12.5/lib/padrino-core/application/routing.rb:915:in `block in dispatch!'
 /home/karloku/.rbenv/versions/2.2.1/lib/ruby/gems/2.2.0/gems/sinatra-1.4.6/lib/sinatra/base.rb:1066:in `block in invoke'
 /home/karloku/.rbenv/versions/2.2.1/lib/ruby/gems/2.2.0/gems/sinatra-1.4.6/lib/sinatra/base.rb:1066:in `catch'
 /home/karloku/.rbenv/versions/2.2.1/lib/ruby/gems/2.2.0/gems/sinatra-1.4.6/lib/sinatra/base.rb:1066:in `invoke'
 /home/karloku/.rbenv/versions/2.2.1/lib/ruby/gems/2.2.0/gems/padrino-core-0.12.5/lib/padrino-core/application/routing.rb:913:in `dispatch!'
 /home/karloku/.rbenv/versions/2.2.1/lib/ruby/gems/2.2.0/gems/sinatra-1.4.6/lib/sinatra/base.rb:906:in `block in call!'
 /home/karloku/.rbenv/versions/2.2.1/lib/ruby/gems/2.2.0/gems/sinatra-1.4.6/lib/sinatra/base.rb:1066:in `block in invoke'
 /home/karloku/.rbenv/versions/2.2.1/lib/ruby/gems/2.2.0/gems/sinatra-1.4.6/lib/sinatra/base.rb:1066:in `catch'
 /home/karloku/.rbenv/versions/2.2.1/lib/ruby/gems/2.2.0/gems/sinatra-1.4.6/lib/sinatra/base.rb:1066:in `invoke'
 /home/karloku/.rbenv/versions/2.2.1/lib/ruby/gems/2.2.0/gems/sinatra-1.4.6/lib/sinatra/base.rb:906:in `call!'
 /home/karloku/.rbenv/versions/2.2.1/lib/ruby/gems/2.2.0/gems/sinatra-1.4.6/lib/sinatra/base.rb:894:in `call'
 /home/karloku/.rbenv/versions/2.2.1/lib/ruby/gems/2.2.0/gems/rack-protection-1.5.3/lib/rack/protection/base.rb:49:in `call'
 /home/karloku/.rbenv/versions/2.2.1/lib/ruby/gems/2.2.0/gems/rack-protection-1.5.3/lib/rack/protection/xss_header.rb:18:in `call'
 /home/karloku/.rbenv/versions/2.2.1/lib/ruby/gems/2.2.0/gems/rack-protection-1.5.3/lib/rack/protection/base.rb:49:in `call'
 /home/karloku/.rbenv/versions/2.2.1/lib/ruby/gems/2.2.0/gems/rack-protection-1.5.3/lib/rack/protection/base.rb:49:in `call'
 /home/karloku/.rbenv/versions/2.2.1/lib/ruby/gems/2.2.0/gems/rack-protection-1.5.3/lib/rack/protection/json_csrf.rb:18:in `call'
 /home/karloku/.rbenv/versions/2.2.1/lib/ruby/gems/2.2.0/gems/rack-protection-1.5.3/lib/rack/protection/base.rb:49:in `call'
 /home/karloku/.rbenv/versions/2.2.1/lib/ruby/gems/2.2.0/gems/rack-protection-1.5.3/lib/rack/protection/base.rb:49:in `call'
 /home/karloku/.rbenv/versions/2.2.1/lib/ruby/gems/2.2.0/gems/rack-protection-1.5.3/lib/rack/protection/frame_options.rb:31:in `call'
 /home/karloku/.rbenv/versions/2.2.1/lib/ruby/gems/2.2.0/gems/rack-1.5.2/lib/rack/head.rb:11:in `call'
 /home/karloku/.rbenv/versions/2.2.1/lib/ruby/gems/2.2.0/gems/rack-1.5.2/lib/rack/methodoverride.rb:21:in `call'
 /home/karloku/.rbenv/versions/2.2.1/lib/ruby/gems/2.2.0/gems/rack-1.5.2/lib/rack/session/abstract/id.rb:225:in `context'
 /home/karloku/.rbenv/versions/2.2.1/lib/ruby/gems/2.2.0/gems/rack-1.5.2/lib/rack/session/abstract/id.rb:220:in `call'
 /home/karloku/.rbenv/versions/2.2.1/lib/ruby/gems/2.2.0/gems/sinatra-1.4.6/lib/sinatra/base.rb:2021:in `call'
 /home/karloku/.rbenv/versions/2.2.1/lib/ruby/gems/2.2.0/gems/sinatra-1.4.6/lib/sinatra/base.rb:1486:in `block in call'
 /home/karloku/.rbenv/versions/2.2.1/lib/ruby/gems/2.2.0/gems/sinatra-1.4.6/lib/sinatra/base.rb:1795:in `synchronize'
 /home/karloku/.rbenv/versions/2.2.1/lib/ruby/gems/2.2.0/gems/sinatra-1.4.6/lib/sinatra/base.rb:1486:in `call'
 /home/karloku/.rbenv/versions/2.2.1/lib/ruby/gems/2.2.0/gems/padrino-core-0.12.5/lib/padrino-core/router.rb:84:in `block in call'
 /home/karloku/.rbenv/versions/2.2.1/lib/ruby/gems/2.2.0/gems/padrino-core-0.12.5/lib/padrino-core/router.rb:75:in `each'
 /home/karloku/.rbenv/versions/2.2.1/lib/ruby/gems/2.2.0/gems/padrino-core-0.12.5/lib/padrino-core/router.rb:75:in `call'
 /home/karloku/.rbenv/versions/2.2.1/lib/ruby/gems/2.2.0/gems/thin-1.6.3/lib/thin/connection.rb:86:in `block in pre_process'
 /home/karloku/.rbenv/versions/2.2.1/lib/ruby/gems/2.2.0/gems/thin-1.6.3/lib/thin/connection.rb:84:in `catch'
 /home/karloku/.rbenv/versions/2.2.1/lib/ruby/gems/2.2.0/gems/thin-1.6.3/lib/thin/connection.rb:84:in `pre_process'
 /home/karloku/.rbenv/versions/2.2.1/lib/ruby/gems/2.2.0/gems/eventmachine-1.0.7/lib/eventmachine.rb:1054:in `call'
 /home/karloku/.rbenv/versions/2.2.1/lib/ruby/gems/2.2.0/gems/eventmachine-1.0.7/lib/eventmachine.rb:1054:in `block in spawn_threadpool'
