Writing PID to tmp/pids/thin.pid
Using rack adapter
/home/karloku/.rbenv/versions/2.2.1/lib/ruby/gems/2.2.0/gems/activesupport-3.2.21/lib/active_support/values/time_zone.rb:270: warning: circular argument reference - now
WARNING: The rest_client gem is deprecated and will be removed from RubyGems. Please use rest-client gem instead.
Thin web server (v1.6.3 codename Protein Powder)
Maximum connections set to 1024
Listening on 0.0.0.0:2333, CTRL+C to stop
Exiting!
Writing PID to tmp/pids/thin.pid
Using rack adapter
/home/karloku/.rbenv/versions/2.2.1/lib/ruby/gems/2.2.0/gems/activesupport-3.2.21/lib/active_support/values/time_zone.rb:270: warning: circular argument reference - now
WARNING: The rest_client gem is deprecated and will be removed from RubyGems. Please use rest-client gem instead.
Thin web server (v1.6.3 codename Protein Powder)
Maximum connections set to 1024
Listening on 0.0.0.0:2333, CTRL+C to stop
Exiting!
Writing PID to tmp/pids/thin.pid
Using rack adapter
/home/karloku/.rbenv/versions/2.2.1/lib/ruby/gems/2.2.0/gems/activesupport-3.2.21/lib/active_support/values/time_zone.rb:270: warning: circular argument reference - now
WARNING: The rest_client gem is deprecated and will be removed from RubyGems. Please use rest-client gem instead.
Thin web server (v1.6.3 codename Protein Powder)
Maximum connections set to 1024
Listening on 0.0.0.0:2333, CTRL+C to stop
Waiting for 2 connection(s) to finish, can take up to 30 sec, CTRL+C to stop now
